点号：4203 坐标600.677178874369 1381.01732441314 -4935.1223144913
点号：4204 坐标600.43120808506 931.806575973962 -4934.28012837391
点号：4205 坐标599.648417435932 475.455587725682 -4932.95478974391
点号：4206 坐标599.721275378711 192.411512808958 -4932.48518277714
点号：4207 坐标598.553613850061 14.5557834712493 -4931.73582362492
点号：4208 坐标598.392505489342 -188.985206022657 -4932.70153218266
点号：4209 坐标599.209085436975 -391.631292280847 -4932.55169809123
点号：4210 坐标599.570987585161 -630.20945199886 -4932.51903283589
点号：4211 坐标598.938364573317 -951.9349529525 -4932.42011359017
点号：4212 坐标598.588392503842 -1116.59147787958 -4933.21761725959
点号：4301 坐标1617.88116078895 1884.28768034493 -4918.87212842123
点号：4302 坐标1615.83468041394 1688.18848493582 -4914.6774189272
点号：4303 坐标1614.65534643732 1315.44467935938 -4917.34737541574
点号：4304 坐标1615.84402447137 1001.75769603902 -4917.34861024164
点号：4305 坐标1617.05130028633 690.359698291809 -4917.57880757838
点号：4306 坐标1615.69788230632 387.653828097234 -4917.56515030161
点号：4307 坐标1618.85046456979 145.432456570759 -4917.72739546037
点号：4308 坐标1617.01541536598 -186.569696096516 -4918.40340976253
点号：4309 坐标1617.68625442551 -482.398754540938 -4918.49835856062
点号：4310 坐标1617.90575974711 -680.897201629839 -4919.20491391895
点号：4311 坐标1619.98071740665 -913.182256090174 -4919.84817170004
点号：4801 坐标2140.77047372327 1871.74568152587 -4857.01332554227
点号：4802 坐标2141.32661096011 1657.81222332716 -4856.30329623664
点号：4803 坐标2141.55110688271 1476.95221359957 -4851.91386867248
点号：4804 坐标2140.31245889462 1112.24041193119 -4853.66388041124
点号：4805 坐标2141.67490452666 794.361119570863 -4852.24725065425
点号：4806 坐标2141.38589811682 469.103703014296 -4853.16064504358
点号：4807 坐标2140.14807745104 224.050886214044 -4853.57057014696
点号：4808 坐标2139.88042301844 -31.9051983584923 -4854.19706282107
点号：4809 坐标2140.48573214698 -308.054878998376 -4854.4636786902
点号：4810 坐标2140.12044786403 -516.237596497492 -4855.29797275255
点号：4811 坐标2138.77031034299 -741.181882904316 -4857.42324213641
点号：4401 坐标2660.07361621869 1870.10237420883 -4908.55352143195
点号：4402 坐标2657.7617929736 1661.48509886164 -4905.61539223774
点号：4403 坐标2662.44702003773 1298.54042081595 -4908.64301137403
点号：4404 坐标2663.01092056654 926.032714677668 -4907.07827880207
点号：4405 坐标2662.25706563324 580.049022741095 -4905.99533081113
点号：4407 坐标2660.62107072598 -43.6929342335523 -4905.34982528033
点号：4408 坐标2659.72462695224 -389.182936216733 -4906.77097648281
点号：4409 坐标2660.73775305494 -658.854676247619 -4907.36026210501
点号：4501 坐标3684.58982700606 1895.45423009441 -4903.11101139408
点号：4502 坐标3685.76713918454 1680.17167882408 -4899.71292820564
点号：4503 坐标3686.54863513159 1376.95675825689 -4903.32173253802
点号：4504 坐标3687.54574529612 1041.01051994831 -4902.92748089866
点号：4505 坐标3688.98585562203 672.114408077974 -4902.46349455874
点号：4506 坐标3688.62803202595 378.485493012358 -4902.30655453925
点号：4507 坐标3692.14203472944 100.822630814414 -4902.00512938874
点号：4508 坐标3690.99565316375 -276.550994602911 -4901.20368698896
点号：4509 坐标3687.59730200825 -637.81686890969 -4902.00893751528
点号：4601 坐标4713.98862351914 1828.7487754213 -4895.34247928025
点号：4602 坐标4713.33156174812 1664.53848403433 -4891.90731680904
点号：4603 坐标4714.55116438211 1393.72820331531 -4895.17250277427
点号：4604 坐标4715.09010337963 1072.8018804418 -4894.25311513147
点号：4605 坐标4712.71423106396 656.959811354704 -4895.55078839125
点号：4606 坐标4715.61160885563 362.774642335884 -4895.78168985681
点号：4607 坐标4715.3509329134 15.4492597951579 -4898.54252546333
点号：4608 坐标4713.9884497396 -334.216129842363 -4898.95080717254
点号：4609 坐标4715.86550101012 -634.915249595261 -4898.53440738632
